app/build/outputs/logs/manifest-merger-debug-report.txt
-- Merging decision tree log ---
manifest
ADDED from src\main\AndroidManifest.xml:22:1-123:12
	package
		ADDED from src\main\AndroidManifest.xml:24:5-42
		INJECTED from src\main\AndroidManifest.xml
		INJECTED from src\main\AndroidManifest.xml
	xmlns:tools
		ADDED from src\main\AndroidManifest.xml:23:5-51
	xmlns:android
		ADDED from src\main\AndroidManifest.xml:22:11-69
application
ADDED from src\main\AndroidManifest.xml:26:5-121:19
	android:label
		ADDED from src\main\AndroidManifest.xml:27:9-41
	android:icon
		ADDED from src\main\AndroidManifest.xml:26:18-52
provider#com.example.android.notepad.NotePadProvider
ADDED from src\main\AndroidManifest.xml:29:9-33:20
	android:authorities
		ADDED from src\main\AndroidManifest.xml:30:13-62
	android:exported
		ADDED from src\main\AndroidManifest.xml:31:13-37
	android:name
		ADDED from src\main\AndroidManifest.xml:29:19-49
grant-uri-permission
ADDED from src\main\AndroidManifest.xml:32:13-62
	android:pathPattern
		ADDED from src\main\AndroidManifest.xml:32:35-59
activity#com.example.android.notepad.NotesList
ADDED from src\main\AndroidManifest.xml:35:9-54:20
	android:label
		ADDED from src\main\AndroidManifest.xml:35:46-86
	tools:ignore
		ADDED from src\main\AndroidManifest.xml:37:9-39
	android:theme
		ADDED from src\main\AndroidManifest.xml:35:87-134
	android:name
		ADDED from src\main\AndroidManifest.xml:35:19-43
intent-filter#android.intent.action.MAIN+android.intent.category.LAUNCHER
ADDED from src\main\AndroidManifest.xml:38:13-41:29
action#android.intent.action.MAIN
ADDED from src\main\AndroidManifest.xml:39:17-69
	android:name
		ADDED from src\main\AndroidManifest.xml:39:25-66
category#android.intent.category.LAUNCHER
ADDED from src\main\AndroidManifest.xml:40:17-77
	android:name
		ADDED from src\main\AndroidManifest.xml:40:27-74
intent-filter#android.intent.action.EDIT+android.intent.action.PICK+android.intent.action.VIEW+android.intent.category.DEFAULT
ADDED from src\main\AndroidManifest.xml:42:13-48:29
	android:scheme
		ADDED from src\main\AndroidManifest.xml:42:28-49
action#android.intent.action.VIEW
ADDED from src\main\AndroidManifest.xml:43:17-69
	android:name
		ADDED from src\main\AndroidManifest.xml:43:25-66
action#android.intent.action.EDIT
ADDED from src\main\AndroidManifest.xml:44:17-69
	android:name
		ADDED from src\main\AndroidManifest.xml:44:25-66
action#android.intent.action.PICK
ADDED from src\main\AndroidManifest.xml:45:17-69
	android:name
		ADDED from src\main\AndroidManifest.xml:45:25-66
category#android.intent.category.DEFAULT
ADDED from src\main\AndroidManifest.xml:46:17-76
	android:name
		ADDED from src\main\AndroidManifest.xml:46:27-73
data
ADDED from src\main\AndroidManifest.xml:47:17-83
	android:mimeType
		ADDED from src\main\AndroidManifest.xml:47:23-80
intent-filter#android.intent.action.GET_CONTENT+android.intent.category.DEFAULT
ADDED from src\main\AndroidManifest.xml:49:13-53:29
action#android.intent.action.GET_CONTENT
ADDED from src\main\AndroidManifest.xml:50:17-76
	android:name
		ADDED from src\main\AndroidManifest.xml:50:25-73
activity#com.example.android.notepad.NoteEditor
ADDED from src\main\AndroidManifest.xml:56:9-84:20
	android:screenOrientation
		ADDED from src\main\AndroidManifest.xml:58:13-47
	tools:ignore
		ADDED from src\main\AndroidManifest.xml:60:13-43
	android:configChanges
		ADDED from src\main\AndroidManifest.xml:59:13-63
	android:theme
		ADDED from src\main\AndroidManifest.xml:57:13-60
	android:name
		ADDED from src\main\AndroidManifest.xml:56:19-44
intent-filter#android.intent.action.EDIT+android.intent.action.VIEW+android.intent.category.DEFAULT+com.android.notepad.action.EDIT_NOTE
ADDED from src\main\AndroidManifest.xml:63:13-70:29
	android:label
		ADDED from src\main\AndroidManifest.xml:63:28-64
	android:scheme
		ADDED from src\main\AndroidManifest.xml:64:17-38
action#com.android.notepad.action.EDIT_NOTE
ADDED from src\main\AndroidManifest.xml:67:17-79
	android:name
		ADDED from src\main\AndroidManifest.xml:67:25-76
intent-filter#android.intent.action.INSERT+android.intent.action.PASTE+android.intent.category.DEFAULT
ADDED from src\main\AndroidManifest.xml:76:13-82:29
action#android.intent.action.INSERT
ADDED from src\main\AndroidManifest.xml:77:17-71
	android:name
		ADDED from src\main\AndroidManifest.xml:77:25-68
action#android.intent.action.PASTE
ADDED from src\main\AndroidManifest.xml:78:17-70
	android:name
		ADDED from src\main\AndroidManifest.xml:78:25-67
activity#com.example.android.notepad.NoteSearch
ADDED from src\main\AndroidManifest.xml:85:9-76
	android:label
		ADDED from src\main\AndroidManifest.xml:85:46-73
	android:name
		ADDED from src\main\AndroidManifest.xml:85:19-45
activity#com.example.android.notepad.TitleEditor
ADDED from src\main\AndroidManifest.xml:86:9-111:20
	android:label
		ADDED from src\main\AndroidManifest.xml:87:13-53
	android:windowSoftInputMode
		ADDED from src\main\AndroidManifest.xml:90:13-55
	android:icon
		ADDED from src\main\AndroidManifest.xml:88:13-50
	android:theme
		ADDED from src\main\AndroidManifest.xml:89:13-61
	android:name
		ADDED from src\main\AndroidManifest.xml:86:19-45
intent-filter#android.intent.category.ALTERNATIVE+android.intent.category.DEFAULT+android.intent.category.SELECTED_ALTERNATIVE+com.android.notepad.action.EDIT_TITLE
ADDED from src\main\AndroidManifest.xml:95:13-110:29
	android:label
		ADDED from src\main\AndroidManifest.xml:95:28-65
action#com.android.notepad.action.EDIT_TITLE
ADDED from src\main\AndroidManifest.xml:99:17-80
	android:name
		ADDED from src\main\AndroidManifest.xml:99:25-77
category#android.intent.category.ALTERNATIVE
ADDED from src\main\AndroidManifest.xml:104:17-80
	android:name
		ADDED from src\main\AndroidManifest.xml:104:27-77
category#android.intent.category.SELECTED_ALTERNATIVE
ADDED from src\main\AndroidManifest.xml:107:17-89
	android:name
		ADDED from src\main\AndroidManifest.xml:107:27-86
activity#com.example.android.notepad.NotesLiveFolder
ADDED from src\main\AndroidManifest.xml:113:9-119:20
	android:label
		ADDED from src\main\AndroidManifest.xml:113:50-90
	android:icon
		ADDED from src\main\AndroidManifest.xml:114:13-55
	android:name
		ADDED from src\main\AndroidManifest.xml:113:19-49
intent-filter#android.intent.action.CREATE_LIVE_FOLDER+android.intent.category.DEFAULT
ADDED from src\main\AndroidManifest.xml:115:13-118:29
action#android.intent.action.CREATE_LIVE_FOLDER
ADDED from src\main\AndroidManifest.xml:116:17-83
	android:name
		ADDED from src\main\AndroidManifest.xml:116:25-80
uses-sdk
INJECTED from src\main\AndroidManifest.xml reason: use-sdk injection requested
	android:targetSdkVersion
		INJECTED from src\main\AndroidManifest.xml
		INJECTED from src\main\AndroidManifest.xml
	android:minSdkVersion
		INJECTED from src\main\AndroidManifest.xml
		INJECTED from src\main\AndroidManifest.xml